env: load .env
env: export EXPO_PUBLIC_API_URL
ΓÇ║ Port 8081 is being used by another process
node.exe : Input is 
required, but 'npx 
expo' is in 
non-interactive mode.
At line:1 char:1
+ & "C:\Program 
Files\nodejs/node.exe" 
"C:\Program 
Files\nodejs/node_mo ...
+ ~~~~~~~~~~~~~~~~~~~~~~
~~~~~~~~~~~~~~~~~~~~~~~~
~~~~~~~~~~~~~~~~~~~~~~~
    + CategoryInfo      
        : NotSpecified  
  : (Input is requir.   
 ..teractive mode.:S    
tring) [], RemoteEx    
ception
    + FullyQualifiedErr 
   orId : NativeComman  
  dError
 
Required input:
> Use port 8083 instead?
ΓÇ║ Skipping dev server
ΓÇ║ Building app...
Configuration on demand is an incubating feature.
> Task :gradle-plugin:settings-plugin:checkKotlinGradlePluginConfigurationErrors SKIPPED
> Task :gradle-plugin:shared:checkKotlinGradlePluginConfigurationErrors SKIPPED
> Task :expo-gradle-plugin:expo-autolinking-plugin-shared:checkKotlinGradlePluginConfigurationErrors
> Task :expo-gradle-plugin:expo-autolinking-plugin-shared:compileKotlin UP-TO-DATE
> Task :expo-gradle-plugin:expo-autolinking-plugin-shared:compileJava NO-SOURCE
> Task :expo-gradle-plugin:expo-autolinking-plugin-shared:processResources NO-SOURCE
> Task :expo-gradle-plugin:expo-autolinking-plugin-shared:classes UP-TO-DATE
> Task :expo-gradle-plugin:expo-autolinking-plugin-shared:jar UP-TO-DATE
> Task :expo-gradle-plugin:expo-autolinking-settings-plugin:checkKotlinGradlePluginConfigurationErrors
> Task :gradle-plugin:shared:compileKotlin UP-TO-DATE
> Task :gradle-plugin:shared:compileJava NO-SOURCE
> Task :gradle-plugin:shared:processResources NO-SOURCE
> Task :gradle-plugin:shared:classes UP-TO-DATE
> Task :gradle-plugin:shared:jar UP-TO-DATE
> Task :gradle-plugin:settings-plugin:compileKotlin UP-TO-DATE
> Task :gradle-plugin:settings-plugin:compileJava NO-SOURCE
> Task :gradle-plugin:settings-plugin:pluginDescriptors UP-TO-DATE
> Task :gradle-plugin:settings-plugin:processResources UP-TO-DATE
> Task :gradle-plugin:settings-plugin:classes UP-TO-DATE
> Task :gradle-plugin:settings-plugin:jar UP-TO-DATE
> Task :expo-gradle-plugin:expo-autolinking-settings-plugin:compileKotlin UP-TO-DATE
> Task :expo-gradle-plugin:expo-autolinking-settings-plugin:compileJava NO-SOURCE
> Task :expo-gradle-plugin:expo-autolinking-settings-plugin:pluginDescriptors UP-TO-DATE
> Task :expo-gradle-plugin:expo-autolinking-settings-plugin:processResources UP-TO-DATE
> Task :expo-gradle-plugin:expo-autolinking-settings-plugin:classes UP-TO-DATE
> Task :expo-gradle-plugin:expo-autolinking-settings-plugin:jar UP-TO-DATE
> Task :gradle-plugin:react-native-gradle-plugin:checkKotlinGradlePluginConfigurationErrors SKIPPED
> Task :expo-gradle-plugin:expo-autolinking-plugin:checkKotlinGradlePluginConfigurationErrors
> Task :expo-module-gradle-plugin:checkKotlinGradlePluginConfigurationErrors
> Task :expo-module-gradle-plugin:pluginDescriptors UP-TO-DATE
> Task :expo-module-gradle-plugin:processResources UP-TO-DATE
> Task :expo-gradle-plugin:expo-autolinking-plugin:compileKotlin UP-TO-DATE
> Task :expo-gradle-plugin:expo-autolinking-plugin:compileJava NO-SOURCE
> Task :expo-gradle-plugin:expo-autolinking-plugin:pluginDescriptors UP-TO-DATE
> Task :expo-gradle-plugin:expo-autolinking-plugin:processResources UP-TO-DATE
> Task :expo-gradle-plugin:expo-autolinking-plugin:classes UP-TO-DATE
> Task :expo-gradle-plugin:expo-autolinking-plugin:jar UP-TO-DATE
> Task :gradle-plugin:react-native-gradle-plugin:compileKotlin UP-TO-DATE
> Task :gradle-plugin:react-native-gradle-plugin:compileJava NO-SOURCE
> Task :gradle-plugin:react-native-gradle-plugin:pluginDescriptors UP-TO-DATE
> Task :gradle-plugin:react-native-gradle-plugin:processResources UP-TO-DATE
> Task :gradle-plugin:react-native-gradle-plugin:classes UP-TO-DATE
> Task :gradle-plugin:react-native-gradle-plugin:jar UP-TO-DATE
> Task :expo-module-gradle-plugin:compileKotlin UP-TO-DATE
> Task :expo-module-gradle-plugin:compileJava NO-SOURCE
> Task :expo-module-gradle-plugin:classes UP-TO-DATE
> Task :expo-module-gradle-plugin:jar UP-TO-DATE

> Configure project :
[32m[ExpoRootProject][0m Using the following versions:
  - buildTools:  [32m35.0.0[0m
  - minSdk:      [32m24[0m
  - compileSdk:  [32m35[0m
  - targetSdk:   [32m35[0m
  - ndk:         [32m27.1.12297006[0m
  - kotlin:      [32m2.0.21[0m
  - ksp:         [32m2.0.21-1.0.28[0m

[Incubating] Problems report is available at: file:///D:/Gaurang/Projects/2026/Ride/apps/mobile/android/build/reports/problems/problems-report.html

FAILURE: Build failed 
with an exception.

* Where:
Build file 'D:\Gaurang\P
rojects\2026\Ride\apps\m
obile\android\build.grad
le' line: 38

* What went wrong:
A problem occurred 
evaluating root project 
'Rideforge'.
> Failed to apply 
plugin 'com.facebook.rea
ct.rootproject'.
   > A problem occurred 
configuring project 
':app'.
      > SDK location 
not found. Define a 
valid SDK location with 
an ANDROID_HOME 
environment variable or 
by setting the sdk.dir 
path in your project's 
local properties file 
at 'D:\Gaurang\Projects\
2026\Ride\apps\mobile\an
droid\local.properties'.

* Try:
> Run with --stacktrace 
option to get the stack 
trace.
> Run with --info or 
--debug option to get 
more log output.
> Run with --scan to 
get full insights.
> Get more help at 
https://help.gradle.org.

Deprecated Gradle features were used in this build, making it incompatible with Gradle 9.0.

You can use '--warning-mode all' to show the individual deprecation warnings and determine if they come from your own scripts or plugins.

For more on this, please refer to https://docs.gradle.org/8.13/userguide/command_line_interface.html#sec:command_line_warnings in the Gradle documentation.

BUILD FAILED in 17s
28 actionable tasks: 4 executed, 24 up-to-date
Error: D:\Gaurang\Projec
ts\2026\Ride\apps\mobile
\android\gradlew.bat 
app:assembleDebug -x 
lint -x test 
--configure-on-demand 
--build-cache -PreactNat
iveDevServerPort=8081 -P
reactNativeArchitectures
=arm64-v8a,armeabi-v7a 
exited with non-zero 
code: 1
Error: D:\Gaurang\Projec
ts\2026\Ride\apps\mobile
\android\gradlew.bat 
app:assembleDebug -x 
lint -x test 
--configure-on-demand 
--build-cache -PreactNat
iveDevServerPort=8081 -P
reactNativeArchitectures
=arm64-v8a,armeabi-v7a 
exited with non-zero 
code: 1
    at ChildProcess.comp
letionListener (D:\Gaura
ng\Projects\2026\Ride\no
de_modules\@expo\spawn-a
sync\src\spawnAsync.ts:6
7:13)
    at 
Object.onceWrapper 
(node:events:623:26)
    at 
ChildProcess.emit 
(node:events:508:28)
    at 
ChildProcess.cp.emit (D:
\Gaurang\Projects\2026\R
ide\node_modules\cross-s
pawn\lib\enoent.js:34:29
)
    at maybeClose (node:
internal/child_process:1
100:16)
    at Process.ChildProc
ess._handle.onexit (node
:internal/child_process:
305:5)
    ...
    at spawnAsync (D:\Ga
urang\Projects\2026\Ride
\node_modules\@expo\spaw
n-async\src\spawnAsync.t
s:28:21)
    at spawnGradleAsync 
(D:\Gaurang\Projects\202
6\Ride\node_modules\@exp
o\cli\src\start\platform
s\android\gradle.ts:134:
28)
    at assembleAsync (D:
\Gaurang\Projects\2026\R
ide\node_modules\@expo\c
li\src\start\platforms\a
ndroid\gradle.ts:83:16)
    at runAndroidAsync (
D:\Gaurang\Projects\2026
\Ride\node_modules\@expo
\cli\src\run\android\run
AndroidAsync.ts:62:24)
