
> @rideforge/server@1.0.0 dev
> tsx watch src/server.ts

Firebase Admin initialized
API running on http://0.0.0.0:4000
node.exe : D:\Gaurang\P
rojects\2026\Ride\node_
modules\pg-pool\index.j
s:45
At line:1 char:1
+ & "C:\Program 
Files\nodejs/node.exe" 
"C:\Program 
Files\nodejs/node_mo 
...
+ ~~~~~~~~~~~~~~~~~~~~~
~~~~~~~~~~~~~~~~~~~~~~~
~~~~~~~~~~~~~~~~~~~~~~~
~~
    + CategoryInfo     
         : NotSpecifi  
  ed: (D:\Gaurang\Pr   
 oj...ool\index.js:    
45:String) [], Rem    
oteException
    + FullyQualifiedEr 
   rorId : NativeComm  
  andError
 
    Error.captureStackT
race(err)
          ^

AggregateError 
[ECONNREFUSED]: 
    at D:\Gaurang\Proje
cts\2026\Ride\node_modu
les\pg-pool\index.js:45
:11
    at process.processT
icksAndRejections (node
:internal/process/task_
queues:104:5)
    at async findUserBy
UsernameOrEmail (D:\Gau
rang\Projects\2026\Ride
\apps\server\src\module
s\auth\repository.ts:88
:18)
    at async 
Promise.all (index 1)
    at async 
detectDuplicate (D:\Gau
rang\Projects\2026\Ride
\apps\server\src\module
s\auth\router.ts:617:55
)
    at async 
<anonymous> (D:\Gaurang
\Projects\2026\Ride\app
s\server\src\modules\au
th\router.ts:157:21) {
  code: 'ECONNREFUSED',
  [errors]: [
    Error: connect 
ECONNREFUSED ::1:5432
        at 
createConnectionError 
(node:net:1686:14)
        at 
afterConnectMultiple 
(node:net:1716:16) {
      errno: -4078,
      code: 
'ECONNREFUSED',
      syscall: 
'connect',
      address: '::1',
      port: 5432
    },
    Error: connect 
ECONNREFUSED 
127.0.0.1:5432
        at 
createConnectionError 
(node:net:1686:14)
        at 
afterConnectMultiple 
(node:net:1716:16) {
      errno: -4078,
      code: 
'ECONNREFUSED',
      syscall: 
'connect',
      address: 
'127.0.0.1',
      port: 5432
    }
  ]
}

Node.js v24.14.0
